This is LuaHBTeX, Version 1.18.0 (TeX Live 2024/Arch Linux)  (format=lualatex 2024.12.6)  17 DEC 2024 20:24
 restricted system commands enabled.
 file:line:error style messages enabled.
**style.tex
(./style.tex
LaTeX2e <2023-11-01> patch level 1
L3 programming layer <2024-02-20>
Lua module: luaotfload 2024-02-14 3.28 Lua based OpenType font support
Lua module: lualibs 2023-07-13 2.76 ConTeXt Lua standard libraries.
Lua module: lualibs-extended 2023-07-13 2.76 ConTeXt Lua libraries -- extended c
ollection.
luaotfload | conf : Root cache directory is "/home/senyaa/.texlive/texmf-var/lua
tex-cache/generic/names".
luaotfload | init : Loading fontloader "fontloader-2023-12-28.lua" from kpse-res
olved path "/usr/share/texmf-dist/tex/luatex/luaotfload/fontloader-2023-12-28.lu
a".
Lua-only attribute luaotfload@noligature = 1
luaotfload | init : Context OpenType loader version 3.134
Inserting `luaotfload.node_processor' in `pre_linebreak_filter'.
Inserting `luaotfload.node_processor' in `hpack_filter'.
Inserting `luaotfload.glyph_stream' in `glyph_stream_provider'.
Inserting `luaotfload.define_font' in `define_font'.
Lua-only attribute luaotfload_color_attribute = 2
luaotfload | conf : Root cache directory is "/home/senyaa/.texlive/texmf-var/lua
tex-cache/generic/names".
Inserting `luaotfload.harf.strip_prefix' in `find_opentype_file'.
Inserting `luaotfload.harf.strip_prefix' in `find_truetype_file'.
Removing  `luaotfload.glyph_stream' from `glyph_stream_provider'.
Inserting `luaotfload.harf.glyphstream' in `glyph_stream_provider'.
Inserting `luaotfload.harf.finalize_vlist' in `post_linebreak_filter'.
Inserting `luaotfload.harf.finalize_hlist' in `hpack_filter'.
Inserting `luaotfload.cleanup_files' in `wrapup_run'.
Inserting `luaotfload.harf.finalize_unicode' in `finish_pdffile'.
Inserting `luaotfload.glyphinfo' in `glyph_info'.
Lua-only attribute luaotfload.letterspace_done = 3
Inserting `luaotfload.aux.set_sscale_dimens' in `luaotfload.patch_font'.
Inserting `luaotfload.aux.set_font_index' in `luaotfload.patch_font'.
Inserting `luaotfload.aux.patch_cambria_domh' in `luaotfload.patch_font'.
Inserting `luaotfload.aux.fixup_fontdata' in `luaotfload.patch_font_unsafe'.
Inserting `luaotfload.aux.set_capheight' in `luaotfload.patch_font'.
Inserting `luaotfload.aux.set_xheight' in `luaotfload.patch_font'.
Inserting `luaotfload.rewrite_fontname' in `luaotfload.patch_font'.
Inserting `tracingstacklevels' in `input_level_string'.

./style.tex:1: LaTeX Error: \usepackage before \documentclass.

See the LaTeX manual or LaTeX Companion for explanation.
Type  H <return>  for immediate help.
 ...                                              
                                                  
l.1 \usepackage[l2tabu,orthodox]{
                               nag}
? q
OK, entering \batchmode...

./style.tex:3: LaTeX Error: \usepackage before \documentclass.

See the LaTeX manual or LaTeX Companion for explanation.
Type  H <return>  for immediate help.
 ...                                              
                                                  
l.3 ...5mm, top=20mm,bottom=20mm,bindingoffset=0cm]{
                                                  geometry}
\usepackage may only appear in the document preamble, i.e.,
between \documentclass and \begin{document}.


./style.tex:5: LaTeX Error: \usepackage before \documentclass.

See the LaTeX manual or LaTeX Companion for explanation.
Type  H <return>  for immediate help.
 ...                                              
                                                  
l.5 \usepackage{
              indentfirst}
\usepackage may only appear in the document preamble, i.e.,
between \documentclass and \begin{document}.


./style.tex:6: LaTeX Error: \usepackage before \documentclass.

See the LaTeX manual or LaTeX Companion for explanation.
Type  H <return>  for immediate help.
 ...                                              
                                                  
l.6 \usepackage[labelsep=period]{
                               caption}
\usepackage may only appear in the document preamble, i.e.,
between \documentclass and \begin{document}.


./style.tex:7: LaTeX Error: \usepackage before \documentclass.

See the LaTeX manual or LaTeX Companion for explanation.
Type  H <return>  for immediate help.
 ...                                              
                                                  
l.7 \usepackage{
              amssymb,amsmath,amsthm}
\usepackage may only appear in the document preamble, i.e.,
between \documentclass and \begin{document}.


./style.tex:8: LaTeX Error: \usepackage before \documentclass.

See the LaTeX manual or LaTeX Companion for explanation.
Type  H <return>  for immediate help.
 ...                                              
                                                  
l.8 \usepackage{
              fontspec}
\usepackage may only appear in the document preamble, i.e.,
between \documentclass and \begin{document}.


./style.tex:9: LaTeX Error: \usepackage before \documentclass.

See the LaTeX manual or LaTeX Companion for explanation.
Type  H <return>  for immediate help.
 ...                                              
                                                  
l.9 \usepackage{
              float}
\usepackage may only appear in the document preamble, i.e.,
between \documentclass and \begin{document}.


./style.tex:10: LaTeX Error: \usepackage before \documentclass.

See the LaTeX manual or LaTeX Companion for explanation.
Type  H <return>  for immediate help.
 ...                                              
                                                  
l.10 \usepackage{
               array}
\usepackage may only appear in the document preamble, i.e.,
between \documentclass and \begin{document}.


./style.tex:11: LaTeX Error: \usepackage before \documentclass.

See the LaTeX manual or LaTeX Companion for explanation.
Type  H <return>  for immediate help.
 ...                                              
                                                  
l.11 \usepackage{
               listings}
\usepackage may only appear in the document preamble, i.e.,
between \documentclass and \begin{document}.


./style.tex:12: LaTeX Error: \usepackage before \documentclass.

See the LaTeX manual or LaTeX Companion for explanation.
Type  H <return>  for immediate help.
 ...                                              
                                                  
l.12 \usepackage{
               breqn}
\usepackage may only appear in the document preamble, i.e.,
between \documentclass and \begin{document}.

./style.tex:14: Undefined control sequence.
l.14 \setmainfont
               [Ligatures=TeX]{STIX}
The control sequence at the end of the top line
of your error message was never \def'ed. If you have
misspelled it (e.g., `\hobx'), type `I' and the correct
spelling (e.g., `I\hbox'). Otherwise just continue,
and I'll forget about whatever was undefined.


./style.tex:14: LaTeX Error: Missing \begin{document}.

See the LaTeX manual or LaTeX Companion for explanation.
Type  H <return>  for immediate help.
 ...                                              
                                                  
l.14 \setmainfont[
                Ligatures=TeX]{STIX}
You're in trouble here.  Try typing  <return>  to proceed.
If that doesn't work, type  X <return>  to quit.

./style.tex:15: Undefined control sequence.
l.15 \newfontfamily
                 {\cyrillicfont}[Ligatures=TeX]{STIX}
The control sequence at the end of the top line
of your error message was never \def'ed. If you have
misspelled it (e.g., `\hobx'), type `I' and the correct
spelling (e.g., `I\hbox'). Otherwise just continue,
and I'll forget about whatever was undefined.

./style.tex:15: Undefined control sequence.
l.15 \newfontfamily{\cyrillicfont
                               }[Ligatures=TeX]{STIX}
The control sequence at the end of the top line
of your error message was never \def'ed. If you have
misspelled it (e.g., `\hobx'), type `I' and the correct
spelling (e.g., `I\hbox'). Otherwise just continue,
and I'll forget about whatever was undefined.

./style.tex:16: Undefined control sequence.
l.16 \setmonofont
               {Fira Mono}
The control sequence at the end of the top line
of your error message was never \def'ed. If you have
misspelled it (e.g., `\hobx'), type `I' and the correct
spelling (e.g., `I\hbox'). Otherwise just continue,
and I'll forget about whatever was undefined.

./style.tex:17: Undefined control sequence.
l.17 \newfontfamily
                 {\cyrillicfonttt}{Fira Mono}
The control sequence at the end of the top line
of your error message was never \def'ed. If you have
misspelled it (e.g., `\hobx'), type `I' and the correct
spelling (e.g., `I\hbox'). Otherwise just continue,
and I'll forget about whatever was undefined.

./style.tex:17: Undefined control sequence.
l.17 \newfontfamily{\cyrillicfonttt
                                 }{Fira Mono}
The control sequence at the end of the top line
of your error message was never \def'ed. If you have
misspelled it (e.g., `\hobx'), type `I' and the correct
spelling (e.g., `I\hbox'). Otherwise just continue,
and I'll forget about whatever was undefined.


Overfull \hbox (20.0pt too wide) in paragraph at lines 14--18
[][Ligatures=TeX]STIX
 []


./style.tex:19: LaTeX Error: \usepackage before \documentclass.

See the LaTeX manual or LaTeX Companion for explanation.
Type  H <return>  for immediate help.
 ...                                              
                                                  
l.19 \usepackage{
               polyglossia}
\usepackage may only appear in the document preamble, i.e.,
between \documentclass and \begin{document}.

./style.tex:20: Undefined control sequence.
l.20 \setdefaultlanguage
                      {russian}
The control sequence at the end of the top line
of your error message was never \def'ed. If you have
misspelled it (e.g., `\hobx'), type `I' and the correct
spelling (e.g., `I\hbox'). Otherwise just continue,
and I'll forget about whatever was undefined.


./style.tex:20: LaTeX Error: Missing \begin{document}.

See the LaTeX manual or LaTeX Companion for explanation.
Type  H <return>  for immediate help.
 ...                                              
                                                  
l.20 \setdefaultlanguage{r
                        ussian}
You're in trouble here.  Try typing  <return>  to proceed.
If that doesn't work, type  X <return>  to quit.

./style.tex:21: Undefined control sequence.
l.21 \setotherlanguage
                    {english}
The control sequence at the end of the top line
of your error message was never \def'ed. If you have
misspelled it (e.g., `\hobx'), type `I' and the correct
spelling (e.g., `I\hbox'). Otherwise just continue,
and I'll forget about whatever was undefined.


Overfull \hbox (20.0pt too wide) in paragraph at lines 20--22
[]russian
 []


./style.tex:23: LaTeX Error: \usepackage before \documentclass.

See the LaTeX manual or LaTeX Companion for explanation.
Type  H <return>  for immediate help.
 ...                                              
                                                  
l.23 \usepackage{
               subcaption}
\usepackage may only appear in the document preamble, i.e.,
between \documentclass and \begin{document}.


./style.tex:24: LaTeX Error: \usepackage before \documentclass.

See the LaTeX manual or LaTeX Companion for explanation.
Type  H <return>  for immediate help.
 ...                                              
                                                  
l.24 \usepackage{
               graphicx}
\usepackage may only appear in the document preamble, i.e.,
between \documentclass and \begin{document}.

./style.tex:25: Undefined control sequence.
l.25 \graphicspath
                {img/}
The control sequence at the end of the top line
of your error message was never \def'ed. If you have
misspelled it (e.g., `\hobx'), type `I' and the correct
spelling (e.g., `I\hbox'). Otherwise just continue,
and I'll forget about whatever was undefined.


./style.tex:25: LaTeX Error: Missing \begin{document}.

See the LaTeX manual or LaTeX Companion for explanation.
Type  H <return>  for immediate help.
 ...                                              
                                                  
l.25 \graphicspath{i
                  mg/}
You're in trouble here.  Try typing  <return>  to proceed.
If that doesn't work, type  X <return>  to quit.

./style.tex:26: Undefined control sequence.
l.26 \DeclareGraphicsExtensions
                             {.pdf,.png,.jpg}
The control sequence at the end of the top line
of your error message was never \def'ed. If you have
misspelled it (e.g., `\hobx'), type `I' and the correct
spelling (e.g., `I\hbox'). Otherwise just continue,
and I'll forget about whatever was undefined.


Overfull \hbox (20.0pt too wide) in paragraph at lines 25--27
[]img/
 []


./style.tex:28: LaTeX Error: \usepackage before \documentclass.

See the LaTeX manual or LaTeX Companion for explanation.
Type  H <return>  for immediate help.
 ...                                              
                                                  
l.28 \usepackage{
               color}
\usepackage may only appear in the document preamble, i.e.,
between \documentclass and \begin{document}.

./style.tex:29: Undefined control sequence.
l.29 \definecolor
               {darkblue}{rgb}{0,0,.75}
The control sequence at the end of the top line
of your error message was never \def'ed. If you have
misspelled it (e.g., `\hobx'), type `I' and the correct
spelling (e.g., `I\hbox'). Otherwise just continue,
and I'll forget about whatever was undefined.


./style.tex:29: LaTeX Error: Missing \begin{document}.

See the LaTeX manual or LaTeX Companion for explanation.
Type  H <return>  for immediate help.
 ...                                              
                                                  
l.29 \definecolor{d
                 arkblue}{rgb}{0,0,.75}
You're in trouble here.  Try typing  <return>  to proceed.
If that doesn't work, type  X <return>  to quit.

./style.tex:30: Undefined control sequence.
l.30 \definecolor
               {darkred}{rgb}{.7,0,0}
The control sequence at the end of the top line
of your error message was never \def'ed. If you have
misspelled it (e.g., `\hobx'), type `I' and the correct
spelling (e.g., `I\hbox'). Otherwise just continue,
and I'll forget about whatever was undefined.

./style.tex:31: Undefined control sequence.
l.31 \definecolor
               {darkgreen}{rgb}{0,.7,0}
The control sequence at the end of the top line
of your error message was never \def'ed. If you have
misspelled it (e.g., `\hobx'), type `I' and the correct
spelling (e.g., `I\hbox'). Otherwise just continue,
and I'll forget about whatever was undefined.


Overfull \hbox (20.0pt too wide) in paragraph at lines 29--32
[]darkbluergb0,0,.75
 []


./style.tex:33: LaTeX Error: \usepackage before \documentclass.

See the LaTeX manual or LaTeX Companion for explanation.
Type  H <return>  for immediate help.
 ...                                              
                                                  
l.33 \usepackage[normalem]{
                         ulem}
\usepackage may only appear in the document preamble, i.e.,
between \documentclass and \begin{document}.


./style.tex:35: LaTeX Error: \usepackage before \documentclass.

See the LaTeX manual or LaTeX Companion for explanation.
Type  H <return>  for immediate help.
 ...                                              
                                                  
l.35 \usepackage[textwidth=4cm,textsize=tiny]{
                                            todonotes}
\usepackage may only appear in the document preamble, i.e.,
between \documentclass and \begin{document}.


./style.tex:49: LaTeX Error: \usepackage before \documentclass.

See the LaTeX manual or LaTeX Companion for explanation.
Type  H <return>  for immediate help.
 ...                                              
                                                  
l.49 ]{
     hyperref}
\usepackage may only appear in the document preamble, i.e.,
between \documentclass and \begin{document}.


./style.tex:51: LaTeX Error: \usepackage before \documentclass.

See the LaTeX manual or LaTeX Companion for explanation.
Type  H <return>  for immediate help.
 ...                                              
                                                  
l.51 \usepackage{
               tikz}
\usepackage may only appear in the document preamble, i.e.,
between \documentclass and \begin{document}.

./style.tex:52: Undefined control sequence.
l.52 \usetikzlibrary
                  {graphs, quotes}
The control sequence at the end of the top line
of your error message was never \def'ed. If you have
misspelled it (e.g., `\hobx'), type `I' and the correct
spelling (e.g., `I\hbox'). Otherwise just continue,
and I'll forget about whatever was undefined.


./style.tex:52: LaTeX Error: Missing \begin{document}.

See the LaTeX manual or LaTeX Companion for explanation.
Type  H <return>  for immediate help.
 ...                                              
                                                  
l.52 \usetikzlibrary{g
                    raphs, quotes}
You're in trouble here.  Try typing  <return>  to proceed.
If that doesn't work, type  X <return>  to quit.


./style.tex:53: LaTeX Error: \usepackage before \documentclass.

See the LaTeX manual or LaTeX Companion for explanation.
Type  H <return>  for immediate help.
 ...                                              
                                                  
l.53 \usepackage{
               relsize}
\usepackage may only appear in the document preamble, i.e.,
between \documentclass and \begin{document}.


./style.tex:54: LaTeX Error: \usepackage before \documentclass.

See the LaTeX manual or LaTeX Companion for explanation.
Type  H <return>  for immediate help.
 ...                                              
                                                  
l.54 \usepackage{
               ytableau}
\usepackage may only appear in the document preamble, i.e.,
between \documentclass and \begin{document}.


Overfull \hbox (20.0pt too wide) in paragraph at lines 52--55
[]graphs,
 []


./style.tex:58: LaTeX Error: Command \thesection undefined.

See the LaTeX manual or LaTeX Companion for explanation.
Type  H <return>  for immediate help.
 ...                                              
                                                  
l.58 \renewcommand \thesection
                            {\Roman{section}}
Try typing  <return>  to proceed.
If that doesn't work, type  X <return>  to quit.


./style.tex:59: LaTeX Error: Command \thesubsection undefined.

See the LaTeX manual or LaTeX Companion for explanation.
Type  H <return>  for immediate help.
 ...                                              
                                                  
l.59 \renewcommand \thesubsection
                               {\arabic{subsection}}
Try typing  <return>  to proceed.
If that doesn't work, type  X <return>  to quit.

./style.tex:61: Undefined control sequence.
l.61 \theoremstyle
                {plain}
The control sequence at the end of the top line
of your error message was never \def'ed. If you have
misspelled it (e.g., `\hobx'), type `I' and the correct
spelling (e.g., `I\hbox'). Otherwise just continue,
and I'll forget about whatever was undefined.


./style.tex:61: LaTeX Error: Missing \begin{document}.

See the LaTeX manual or LaTeX Companion for explanation.
Type  H <return>  for immediate help.
 ...                                              
                                                  
l.61 \theoremstyle{p
                  lain}
You're in trouble here.  Try typing  <return>  to proceed.
If that doesn't work, type  X <return>  to quit.

\c@theorem=\count186
\c@lemma=\count187
\c@proposition=\count188
\c@corollary=\count189
./style.tex:66: Undefined control sequence.
<recently read> \theoremstyle 
              
l.66 \theoremstyle
                {definition}
The control sequence at the end of the top line
of your error message was never \def'ed. If you have
misspelled it (e.g., `\hobx'), type `I' and the correct
spelling (e.g., `I\hbox'). Otherwise just continue,
and I'll forget about whatever was undefined.

\c@definition=\count190
\c@notation=\count191
\c@example=\count192
)
! Emergency stop.
<*> style.tex
          
*** (job aborted, no legal \end found)



Here is how much of LuaTeX's memory you used:
 79 strings out of 476447
 100000,1977958 words of node,token memory allocated 2194 words of node memory still in use:
   17 hlist, 6 local_par, 1 dir, 49 glue, 3 kern, 10 penalty, 167 glyph, 45 attr
ibute, 39 glue_spec, 45 attribute_list, 1 temp nodes
   avail lists: 2:3,3:1,4:5,5:2,10:4
 22293 multiletter control sequences out of 65536+600000
 14 fonts using 591679 bytes
 15i,0n,20p,96b,18s stack positions out of 10000i,1000n,20000p,200000b,200000s
!  ==> Fatal error occurred, no output PDF file produced!
